#
# There is insufficient memory for the Java Runtime Environment to continue.
# Native memory allocation (malloc) failed to allocate 143984 bytes for Chunk::new
# Possible reasons:
#   The system is out of physical RAM or swap space
#   The process is running with CompressedOops enabled, and the Java Heap may be blocking the growth of the native heap
# Possible solutions:
#   Reduce memory load on the system
#   Increase physical memory or swap space
#   Check if swap backing store is full
#   Decrease Java heap size (-Xmx/-Xms)
#   Decrease number of Java threads
#   Decrease Java thread stack sizes (-Xss)
#   Set larger code cache with -XX:ReservedCodeCacheSize=
#   JVM is running with Unscaled Compressed Oops mode in which the Java heap is
#     placed in the first 4GB address space. The Java Heap base address is the
#     maximum limit for the native heap growth. Please use -XX:HeapBaseMinAddress
#     to set the Java Heap base and to place the Java Heap above 4GB virtual address.
# This output file may be truncated or incomplete.
#
#  Out of Memory Error (arena.cpp:189), pid=3392, tid=12008
#
# JRE version: OpenJDK Runtime Environment Temurin-17.0.8.1+1 (17.0.8.1+1) (build 17.0.8.1+1)
# Java VM: OpenJDK 64-Bit Server VM Temurin-17.0.8.1+1 (17.0.8.1+1, mixed mode, tiered, compressed oops, compressed class ptrs, parallel gc, windows-amd64)
# No core dump will be written. Minidumps are not enabled by default on client versions of Windows
#

---------------  S U M M A R Y ------------

Command Line: --add-modules=ALL-SYSTEM --add-opens=java.base/java.util=ALL-UNNAMED --add-opens=java.base/java.lang=ALL-UNNAMED --add-opens=java.base/sun.nio.fs=ALL-UNNAMED -Declipse.application=org.eclipse.jdt.ls.core.id1 -Dosgi.bundles.defaultStartLevel=4 -Declipse.product=org.eclipse.jdt.ls.core.product -Djava.import.generatesMetadataFilesAtProjectRoot=false -DDetectVMInstallationsJob.disabled=true -Dfile.encoding=utf8 -XX:+UseParallelGC -XX:GCTimeRatio=4 -XX:AdaptiveSizePolicyWeight=90 -Dsun.zip.disableMemoryMapping=true -Xmx1G -Xms100m -Xlog:disable -javaagent:c:\Users\yoble\.vscode\extensions\redhat.java-1.23.0-win32-x64\lombok\lombok-1.18.30.jar -XX:+HeapDumpOnOutOfMemoryError -XX:HeapDumpPath=c:\Users\yoble\AppData\Roaming\Code\User\workspaceStorage\6e736f7ebfa7fdd4a19da07a4fc45446\redhat.java -Daether.dependencyCollector.impl=bf c:\Users\yoble\.vscode\extensions\redhat.java-1.23.0-win32-x64\server\plugins\org.eclipse.equinox.launcher_1.6.500.v20230717-2134.jar -configuration c:\Users\yoble\AppData\Roaming\Code\User\globalStorage\redhat.java\1.23.0\config_win -data c:\Users\yoble\AppData\Roaming\Code\User\workspaceStorage\6e736f7ebfa7fdd4a19da07a4fc45446\redhat.java\jdt_ws

Host: Intel(R) Core(TM) i5-7200U CPU @ 2.50GHz, 4 cores, 5G,  Windows 10 , 64 bit Build 19041 (10.0.19041.3393)
Time: Sun Oct  8 22:43:14 2023 Hora oficial do Brasil elapsed time: 35.466264 seconds (0d 0h 0m 35s)

---------------  T H R E A D  ---------------

Current thread (0x000001e946390c20):  JavaThread "C2 CompilerThread0" daemon [_thread_in_native, id=12008, stack(0x000000bb29800000,0x000000bb29900000)]


Current CompileTask:
C2:  35466 3621       4       org.objectweb.asm.ClassReader::readUtf (44 bytes)

Stack: [0x000000bb29800000,0x000000bb29900000]
Native frames: (J=compiled Java code, j=interpreted, Vv=VM code, C=native code)
V  [jvm.dll+0x678b0a]
V  [jvm.dll+0x835e84]
V  [jvm.dll+0x83762e]
V  [jvm.dll+0x837c93]
V  [jvm.dll+0x24746f]
V  [jvm.dll+0xac20c]
V  [jvm.dll+0xac7dc]
V  [jvm.dll+0x365ca7]
V  [jvm.dll+0x3301a1]
V  [jvm.dll+0x32f64a]
V  [jvm.dll+0x219bf1]
V  [jvm.dll+0x219011]
V  [jvm.dll+0x1a534d]
V  [jvm.dll+0x228d8a]
V  [jvm.dll+0x226dcc]
V  [jvm.dll+0x7ec09b]
V  [jvm.dll+0x7e64ca]
V  [jvm.dll+0x677955]
C  [ucrtbase.dll+0x21bb2]
C  [KERNEL32.DLL+0x17344]
C  [ntdll.dll+0x526b1]


---------------  P R O C E S S  ---------------

Threads class SMR info:
_java_thread_list=0x000001e94b8c6d00, length=22, elements={
0x000001e93253eff0, 0x000001e9325fe360, 0x000001e94635e610, 0x000001e946384280,
0x000001e9463858a0, 0x000001e946386860, 0x000001e94638c770, 0x000001e946390c20,
0x000001e946392560, 0x000001e946393700, 0x000001e94b641020, 0x000001e94b940db0,
0x000001e94c192e40, 0x000001e94c0fe9c0, 0x000001e94c0feed0, 0x000001e94c0fe4b0,
0x000001e94c375fe0, 0x000001e94c373250, 0x000001e94c377420, 0x000001e94c370ee0,
0x000001e94c3755c0, 0x000001e94c372320
}

Java Threads: ( => current thread )
  0x000001e93253eff0 JavaThread "main" [_thread_blocked, id=9260, stack(0x000000bb28f00000,0x000000bb29000000)]
  0x000001e9325fe360 JavaThread "Reference Handler" daemon [_thread_blocked, id=15124, stack(0x000000bb29200000,0x000000bb29300000)]
  0x000001e94635e610 JavaThread "Finalizer" daemon [_thread_blocked, id=10320, stack(0x000000bb29300000,0x000000bb29400000)]
  0x000001e946384280 JavaThread "Signal Dispatcher" daemon [_thread_blocked, id=2872, stack(0x000000bb29400000,0x000000bb29500000)]
  0x000001e9463858a0 JavaThread "Attach Listener" daemon [_thread_blocked, id=12880, stack(0x000000bb29500000,0x000000bb29600000)]
  0x000001e946386860 JavaThread "Service Thread" daemon [_thread_blocked, id=9708, stack(0x000000bb29600000,0x000000bb29700000)]
  0x000001e94638c770 JavaThread "Monitor Deflation Thread" daemon [_thread_blocked, id=4276, stack(0x000000bb29700000,0x000000bb29800000)]
=>0x000001e946390c20 JavaThread "C2 CompilerThread0" daemon [_thread_in_native, id=12008, stack(0x000000bb29800000,0x000000bb29900000)]
  0x000001e946392560 JavaThread "C1 CompilerThread0" daemon [_thread_blocked, id=7012, stack(0x000000bb29900000,0x000000bb29a00000)]
  0x000001e946393700 JavaThread "Sweeper thread" daemon [_thread_blocked, id=3900, stack(0x000000bb29a00000,0x000000bb29b00000)]
  0x000001e94b641020 JavaThread "Common-Cleaner" daemon [_thread_blocked, id=6940, stack(0x000000bb29b00000,0x000000bb29c00000)]
  0x000001e94b940db0 JavaThread "Notification Thread" daemon [_thread_blocked, id=16508, stack(0x000000bb29c00000,0x000000bb29d00000)]
  0x000001e94c192e40 JavaThread "Active Thread: Equinox Container: 9b97260d-f04b-41e0-8ae5-90e867bcbea2" [_thread_blocked, id=3160, stack(0x000000bb2a600000,0x000000bb2a700000)]
  0x000001e94c0fe9c0 JavaThread "Framework Event Dispatcher: Equinox Container: 9b97260d-f04b-41e0-8ae5-90e867bcbea2" daemon [_thread_blocked, id=5408, stack(0x000000bb2a100000,0x000000bb2a200000)]
  0x000001e94c0feed0 JavaThread "Start Level: Equinox Container: 9b97260d-f04b-41e0-8ae5-90e867bcbea2" daemon [_thread_in_native, id=15216, stack(0x000000bb2a700000,0x000000bb2a800000)]
  0x000001e94c0fe4b0 JavaThread "Refresh Thread: Equinox Container: 9b97260d-f04b-41e0-8ae5-90e867bcbea2" daemon [_thread_blocked, id=16932, stack(0x000000bb2a200000,0x000000bb2a300000)]
  0x000001e94c375fe0 JavaThread "Bundle File Closer" daemon [_thread_blocked, id=5172, stack(0x000000bb2a300000,0x000000bb2a400000)]
  0x000001e94c373250 JavaThread "SCR Component Actor" daemon [_thread_blocked, id=16920, stack(0x000000bb2a400000,0x000000bb2a500000)]
  0x000001e94c377420 JavaThread "SCR Component Registry" daemon [_thread_blocked, id=13812, stack(0x000000bb2a500000,0x000000bb2a600000)]
  0x000001e94c370ee0 JavaThread "Worker-JM" [_thread_blocked, id=15428, stack(0x000000bb2a800000,0x000000bb2a900000)]
  0x000001e94c3755c0 JavaThread "Worker-0: Checking project encoding" [_thread_blocked, id=13208, stack(0x000000bb2a900000,0x000000bb2aa00000)]
  0x000001e94c372320 JavaThread "Worker-1" [_thread_blocked, id=8164, stack(0x000000bb2aa00000,0x000000bb2ab00000)]

Other Threads:
  0x000001e94634bba0 VMThread "VM Thread" [stack: 0x000000bb29100000,0x000000bb29200000] [id=8392]
  0x000001e94b7fdda0 WatcherThread [stack: 0x000000bb29d00000,0x000000bb29e00000] [id=6204]
  0x000001e932557710 GCTaskThread "GC Thread#0" [stack: 0x000000bb29000000,0x000000bb29100000] [id=9732]
  0x000001e94b8134d0 GCTaskThread "GC Thread#1" [stack: 0x000000bb29e00000,0x000000bb29f00000] [id=6636]
  0x000001e94ba4d5a0 GCTaskThread "GC Thread#2" [stack: 0x000000bb29f00000,0x000000bb2a000000] [id=1652]
  0x000001e94ba4d860 GCTaskThread "GC Thread#3" [stack: 0x000000bb2a000000,0x000000bb2a100000] [id=3572]

Threads with active compile tasks:
C2 CompilerThread0    36058 3621       4       org.objectweb.asm.ClassReader::readUtf (44 bytes)

VM state: not at safepoint (normal execution)

VM Mutex/Monitor currently owned by a thread: None

Heap address: 0x00000000c0000000, size: 1024 MB, Compressed Oops mode: 32-bit

CDS archive(s) not mapped
Compressed class space mapped at: 0x0000000100000000-0x0000000140000000, reserved size: 1073741824
Narrow klass base: 0x0000000000000000, Narrow klass shift: 3, Narrow klass range: 0x140000000

GC Precious Log:
 CPUs: 4 total, 4 available
 Memory: 5694M
 Large Page Support: Disabled
 NUMA Support: Disabled
 Compressed Oops: Enabled (32-bit)
 Alignments: Space 512K, Generation 512K, Heap 2M
 Heap Min Capacity: 100M
 Heap Initial Capacity: 100M
 Heap Max Capacity: 1G
 Pre-touch: Disabled
 Parallel Workers: 4

Heap:
 PSYoungGen      total 26112K, used 2875K [0x00000000eab00000, 0x00000000eca00000, 0x0000000100000000)
  eden space 24576K, 5% used [0x00000000eab00000,0x00000000eac66ed0,0x00000000ec300000)
  from space 1536K, 93% used [0x00000000ec400000,0x00000000ec568000,0x00000000ec580000)
  to   space 2560K, 0% used [0x00000000ec780000,0x00000000ec780000,0x00000000eca00000)
 ParOldGen       total 68608K, used 10796K [0x00000000c0000000, 0x00000000c4300000, 0x00000000eab00000)
  object space 68608K, 15% used [0x00000000c0000000,0x00000000c0a8b218,0x00000000c4300000)
 Metaspace       used 24625K, committed 25152K, reserved 1114112K
  class space    used 2480K, committed 2688K, reserved 1048576K

Card table byte_map: [0x000001e931f00000,0x000001e932110000] _byte_map_base: 0x000001e931900000

Marking Bits: (ParMarkBitMap*) 0x00007ffa4d0f83a0
 Begin Bits: [0x000001e9441c0000, 0x000001e9451c0000)
 End Bits:   [0x000001e9451c0000, 0x000001e9461c0000)

Polling page: 0x000001e930380000

Metaspace:

Usage:
  Non-class:     21.63 MB used.
      Class:      2.42 MB used.
       Both:     24.05 MB used.

Virtual space:
  Non-class space:       64.00 MB reserved,      21.94 MB ( 34%) committed,  1 nodes.
      Class space:        1.00 GB reserved,       2.62 MB ( <1%) committed,  1 nodes.
             Both:        1.06 GB reserved,      24.56 MB (  2%) committed. 

Chunk freelists:
   Non-Class:  9.49 MB
       Class:  13.39 MB
        Both:  22.88 MB

MaxMetaspaceSize: unlimited
CompressedClassSpaceSize: 1.00 GB
Initial GC threshold: 21.00 MB
Current GC threshold: 35.00 MB
CDS: off
MetaspaceReclaimPolicy: balanced
 - commit_granule_bytes: 65536.
 - commit_granule_words: 8192.
 - virtual_space_node_default_size: 8388608.
 - enlarge_chunks_in_place: 1.
 - new_chunks_are_fully_committed: 0.
 - uncommit_free_chunks: 1.
 - use_allocation_guard: 0.
 - handle_deallocations: 1.


Internal statistics:

num_allocs_failed_limit: 3.
num_arena_births: 298.
num_arena_deaths: 0.
num_vsnodes_births: 2.
num_vsnodes_deaths: 0.
num_space_committed: 393.
num_space_uncommitted: 0.
num_chunks_returned_to_freelist: 3.
num_chunks_taken_from_freelist: 899.
num_chunk_merges: 3.
num_chunk_splits: 590.
num_chunks_enlarged: 394.
num_inconsistent_stats: 0.

CodeHeap 'non-profiled nmethods': size=120000Kb used=1592Kb max_used=1592Kb free=118407Kb
 bounds [0x000001e93cc90000, 0x000001e93cf00000, 0x000001e9441c0000]
CodeHeap 'profiled nmethods': size=120000Kb used=8047Kb max_used=8047Kb free=111952Kb
 bounds [0x000001e9351c0000, 0x000001e9359a0000, 0x000001e93c6f0000]
CodeHeap 'non-nmethods': size=5760Kb used=1191Kb max_used=1260Kb free=4568Kb
 bounds [0x000001e93c6f0000, 0x000001e93c960000, 0x000001e93cc90000]
 total_blobs=4162 nmethods=3670 adapters=406
 compilation: enabled
              stopped_count=0, restarted_count=0
 full_count=0

Compilation events (20 events):
Event: 35.264 Thread 0x000001e946392560 3615       3       org.objectweb.asm.Label::addLineNumber (106 bytes)
Event: 35.265 Thread 0x000001e946392560 nmethod 3615 0x000001e935970610 code [0x000001e9359707e0, 0x000001e935970c88]
Event: 35.265 Thread 0x000001e946392560 3624       3       org.objectweb.asm.Type::getType (10 bytes)
Event: 35.265 Thread 0x000001e946392560 nmethod 3624 0x000001e935970e10 code [0x000001e935970fc0, 0x000001e9359711e8]
Event: 35.266 Thread 0x000001e946392560 3616       3       org.objectweb.asm.MethodVisitor::visitLineNumber (17 bytes)
Event: 35.266 Thread 0x000001e946392560 nmethod 3616 0x000001e935971310 code [0x000001e9359714c0, 0x000001e9359716c8]
Event: 35.266 Thread 0x000001e946392560 3617       3       org.objectweb.asm.MethodWriter::visitLineNumber (50 bytes)
Event: 35.267 Thread 0x000001e946392560 nmethod 3617 0x000001e935971790 code [0x000001e935971960, 0x000001e935971d38]
Event: 35.267 Thread 0x000001e946392560 3619       1       org.objectweb.asm.SymbolTable::getClassName (5 bytes)
Event: 35.267 Thread 0x000001e946392560 nmethod 3619 0x000001e93ce1ce10 code [0x000001e93ce1cfa0, 0x000001e93ce1d078]
Event: 35.267 Thread 0x000001e946392560 3620       3       org.objectweb.asm.MethodVisitor::visitInsn (16 bytes)
Event: 35.267 Thread 0x000001e946392560 nmethod 3620 0x000001e935971f10 code [0x000001e9359720c0, 0x000001e9359722c8]
Event: 35.267 Thread 0x000001e946392560 3623       3       org.objectweb.asm.MethodWriter::visitInsn (115 bytes)
Event: 35.268 Thread 0x000001e946392560 nmethod 3623 0x000001e935972390 code [0x000001e935972560, 0x000001e9359729e8]
Event: 35.268 Thread 0x000001e946392560 3618       3       org.objectweb.asm.ClassReader::readShort (27 bytes)
Event: 35.269 Thread 0x000001e946392560 nmethod 3618 0x000001e935972b90 code [0x000001e935972d20, 0x000001e935972e98]
Event: 35.269 Thread 0x000001e946392560 3613       3       org.apache.aries.spifly.weaver.TCCLSetterVisitor::visitMethod (27 bytes)
Event: 35.269 Thread 0x000001e946392560 nmethod 3613 0x000001e935972f90 code [0x000001e935973140, 0x000001e935973358]
Event: 35.269 Thread 0x000001e946392560 3614       3       org.objectweb.asm.MethodVisitor::visitEnd (15 bytes)
Event: 35.270 Thread 0x000001e946392560 nmethod 3614 0x000001e935973490 code [0x000001e935973640, 0x000001e935973848]

GC Heap History (14 events):
Event: 2.784 GC heap before
{Heap before GC invocations=1 (full 0):
 PSYoungGen      total 29696K, used 25600K [0x00000000eab00000, 0x00000000ecc00000, 0x0000000100000000)
  eden space 25600K, 100% used [0x00000000eab00000,0x00000000ec400000,0x00000000ec400000)
  from space 4096K, 0% used [0x00000000ec800000,0x00000000ec800000,0x00000000ecc00000)
  to   space 4096K, 0% used [0x00000000ec400000,0x00000000ec400000,0x00000000ec800000)
 ParOldGen       total 68608K, used 0K [0x00000000c0000000, 0x00000000c4300000, 0x00000000eab00000)
  object space 68608K, 0% used [0x00000000c0000000,0x00000000c0000000,0x00000000c4300000)
 Metaspace       used 11157K, committed 11328K, reserved 1114112K
  class space    used 1120K, committed 1216K, reserved 1048576K
}
Event: 2.792 GC heap after
{Heap after GC invocations=1 (full 0):
 PSYoungGen      total 29696K, used 3107K [0x00000000eab00000, 0x00000000ecc00000, 0x0000000100000000)
  eden space 25600K, 0% used [0x00000000eab00000,0x00000000eab00000,0x00000000ec400000)
  from space 4096K, 75% used [0x00000000ec400000,0x00000000ec708c28,0x00000000ec800000)
  to   space 4096K, 0% used [0x00000000ec800000,0x00000000ec800000,0x00000000ecc00000)
 ParOldGen       total 68608K, used 16K [0x00000000c0000000, 0x00000000c4300000, 0x00000000eab00000)
  object space 68608K, 0% used [0x00000000c0000000,0x00000000c0004000,0x00000000c4300000)
 Metaspace       used 11157K, committed 11328K, reserved 1114112K
  class space    used 1120K, committed 1216K, reserved 1048576K
}
Event: 8.996 GC heap before
{Heap before GC invocations=2 (full 0):
 PSYoungGen      total 29696K, used 28707K [0x00000000eab00000, 0x00000000ecc00000, 0x0000000100000000)
  eden space 25600K, 100% used [0x00000000eab00000,0x00000000ec400000,0x00000000ec400000)
  from space 4096K, 75% used [0x00000000ec400000,0x00000000ec708c28,0x00000000ec800000)
  to   space 4096K, 0% used [0x00000000ec800000,0x00000000ec800000,0x00000000ecc00000)
 ParOldGen       total 68608K, used 16K [0x00000000c0000000, 0x00000000c4300000, 0x00000000eab00000)
  object space 68608K, 0% used [0x00000000c0000000,0x00000000c0004000,0x00000000c4300000)
 Metaspace       used 14202K, committed 14336K, reserved 1114112K
  class space    used 1419K, committed 1472K, reserved 1048576K
}
Event: 9.001 GC heap after
{Heap after GC invocations=2 (full 0):
 PSYoungGen      total 29696K, used 4091K [0x00000000eab00000, 0x00000000ecc00000, 0x0000000100000000)
  eden space 25600K, 0% used [0x00000000eab00000,0x00000000eab00000,0x00000000ec400000)
  from space 4096K, 99% used [0x00000000ec800000,0x00000000ecbfecc8,0x00000000ecc00000)
  to   space 4096K, 0% used [0x00000000ec400000,0x00000000ec400000,0x00000000ec800000)
 ParOldGen       total 68608K, used 979K [0x00000000c0000000, 0x00000000c4300000, 0x00000000eab00000)
  object space 68608K, 1% used [0x00000000c0000000,0x00000000c00f4ed8,0x00000000c4300000)
 Metaspace       used 14202K, committed 14336K, reserved 1114112K
  class space    used 1419K, committed 1472K, reserved 1048576K
}
Event: 17.250 GC heap before
{Heap before GC invocations=3 (full 0):
 PSYoungGen      total 29696K, used 29691K [0x00000000eab00000, 0x00000000ecc00000, 0x0000000100000000)
  eden space 25600K, 100% used [0x00000000eab00000,0x00000000ec400000,0x00000000ec400000)
  from space 4096K, 99% used [0x00000000ec800000,0x00000000ecbfecc8,0x00000000ecc00000)
  to   space 4096K, 0% used [0x00000000ec400000,0x00000000ec400000,0x00000000ec800000)
 ParOldGen       total 68608K, used 979K [0x00000000c0000000, 0x00000000c4300000, 0x00000000eab00000)
  object space 68608K, 1% used [0x00000000c0000000,0x00000000c00f4ed8,0x00000000c4300000)
 Metaspace       used 14695K, committed 14848K, reserved 1114112K
  class space    used 1453K, committed 1536K, reserved 1048576K
}
Event: 17.258 GC heap after
{Heap after GC invocations=3 (full 0):
 PSYoungGen      total 29696K, used 4081K [0x00000000eab00000, 0x00000000ecc00000, 0x0000000100000000)
  eden space 25600K, 0% used [0x00000000eab00000,0x00000000eab00000,0x00000000ec400000)
  from space 4096K, 99% used [0x00000000ec400000,0x00000000ec7fc7a8,0x00000000ec800000)
  to   space 4096K, 0% used [0x00000000ec800000,0x00000000ec800000,0x00000000ecc00000)
 ParOldGen       total 68608K, used 7614K [0x00000000c0000000, 0x00000000c4300000, 0x00000000eab00000)
  object space 68608K, 11% used [0x00000000c0000000,0x00000000c076f8d8,0x00000000c4300000)
 Metaspace       used 14695K, committed 14848K, reserved 1114112K
  class space    used 1453K, committed 1536K, reserved 1048576K
}
Event: 30.092 GC heap before
{Heap before GC invocations=4 (full 0):
 PSYoungGen      total 29696K, used 29680K [0x00000000eab00000, 0x00000000ecc00000, 0x0000000100000000)
  eden space 25600K, 99% used [0x00000000eab00000,0x00000000ec3ffc48,0x00000000ec400000)
  from space 4096K, 99% used [0x00000000ec400000,0x00000000ec7fc7a8,0x00000000ec800000)
  to   space 4096K, 0% used [0x00000000ec800000,0x00000000ec800000,0x00000000ecc00000)
 ParOldGen       total 68608K, used 7614K [0x00000000c0000000, 0x00000000c4300000, 0x00000000eab00000)
  object space 68608K, 11% used [0x00000000c0000000,0x00000000c076f8d8,0x00000000c4300000)
 Metaspace       used 16960K, committed 17280K, reserved 1114112K
  class space    used 1687K, committed 1856K, reserved 1048576K
}
Event: 30.097 GC heap after
{Heap after GC invocations=4 (full 0):
 PSYoungGen      total 29696K, used 4075K [0x00000000eab00000, 0x00000000ecc00000, 0x0000000100000000)
  eden space 25600K, 0% used [0x00000000eab00000,0x00000000eab00000,0x00000000ec400000)
  from space 4096K, 99% used [0x00000000ec800000,0x00000000ecbfae68,0x00000000ecc00000)
  to   space 4096K, 0% used [0x00000000ec400000,0x00000000ec400000,0x00000000ec800000)
 ParOldGen       total 68608K, used 9497K [0x00000000c0000000, 0x00000000c4300000, 0x00000000eab00000)
  object space 68608K, 13% used [0x00000000c0000000,0x00000000c0946498,0x00000000c4300000)
 Metaspace       used 16960K, committed 17280K, reserved 1114112K
  class space    used 1687K, committed 1856K, reserved 1048576K
}
Event: 32.234 GC heap before
{Heap before GC invocations=5 (full 0):
 PSYoungGen      total 29696K, used 29675K [0x00000000eab00000, 0x00000000ecc00000, 0x0000000100000000)
  eden space 25600K, 100% used [0x00000000eab00000,0x00000000ec400000,0x00000000ec400000)
  from space 4096K, 99% used [0x00000000ec800000,0x00000000ecbfae68,0x00000000ecc00000)
  to   space 4096K, 0% used [0x00000000ec400000,0x00000000ec400000,0x00000000ec800000)
 ParOldGen       total 68608K, used 9497K [0x00000000c0000000, 0x00000000c4300000, 0x00000000eab00000)
  object space 68608K, 13% used [0x00000000c0000000,0x00000000c0946498,0x00000000c4300000)
 Metaspace       used 20804K, committed 21248K, reserved 1114112K
  class space    used 2091K, committed 2304K, reserved 1048576K
}
Event: 32.239 GC heap after
{Heap after GC invocations=5 (full 0):
 PSYoungGen      total 29184K, used 4088K [0x00000000eab00000, 0x00000000ecf80000, 0x0000000100000000)
  eden space 25088K, 0% used [0x00000000eab00000,0x00000000eab00000,0x00000000ec380000)
  from space 4096K, 99% used [0x00000000ec400000,0x00000000ec7fe060,0x00000000ec800000)
  to   space 6144K, 0% used [0x00000000ec980000,0x00000000ec980000,0x00000000ecf80000)
 ParOldGen       total 68608K, used 10949K [0x00000000c0000000, 0x00000000c4300000, 0x00000000eab00000)
  object space 68608K, 15% used [0x00000000c0000000,0x00000000c0ab1488,0x00000000c4300000)
 Metaspace       used 20804K, committed 21248K, reserved 1114112K
  class space    used 2091K, committed 2304K, reserved 1048576K
}
Event: 32.306 GC heap before
{Heap before GC invocations=6 (full 0):
 PSYoungGen      total 29184K, used 5320K [0x00000000eab00000, 0x00000000ecf80000, 0x0000000100000000)
  eden space 25088K, 4% used [0x00000000eab00000,0x00000000eac342a0,0x00000000ec380000)
  from space 4096K, 99% used [0x00000000ec400000,0x00000000ec7fe060,0x00000000ec800000)
  to   space 6144K, 0% used [0x00000000ec980000,0x00000000ec980000,0x00000000ecf80000)
 ParOldGen       total 68608K, used 10949K [0x00000000c0000000, 0x00000000c4300000, 0x00000000eab00000)
  object space 68608K, 15% used [0x00000000c0000000,0x00000000c0ab1488,0x00000000c4300000)
 Metaspace       used 21099K, committed 21504K, reserved 1114112K
  class space    used 2109K, committed 2304K, reserved 1048576K
}
Event: 32.310 GC heap after
{Heap after GC invocations=6 (full 0):
 PSYoungGen      total 29696K, used 4198K [0x00000000eab00000, 0x00000000ece00000, 0x0000000100000000)
  eden space 25088K, 0% used [0x00000000eab00000,0x00000000eab00000,0x00000000ec380000)
  from space 4608K, 91% used [0x00000000ec980000,0x00000000ecd99ac8,0x00000000ece00000)
  to   space 5120K, 0% used [0x00000000ec400000,0x00000000ec400000,0x00000000ec900000)
 ParOldGen       total 68608K, used 10957K [0x00000000c0000000, 0x00000000c4300000, 0x00000000eab00000)
  object space 68608K, 15% used [0x00000000c0000000,0x00000000c0ab3488,0x00000000c4300000)
 Metaspace       used 21099K, committed 21504K, reserved 1114112K
  class space    used 2109K, committed 2304K, reserved 1048576K
}
Event: 32.310 GC heap before
{Heap before GC invocations=7 (full 1):
 PSYoungGen      total 29696K, used 4198K [0x00000000eab00000, 0x00000000ece00000, 0x0000000100000000)
  eden space 25088K, 0% used [0x00000000eab00000,0x00000000eab00000,0x00000000ec380000)
  from space 4608K, 91% used [0x00000000ec980000,0x00000000ecd99ac8,0x00000000ece00000)
  to   space 5120K, 0% used [0x00000000ec400000,0x00000000ec400000,0x00000000ec900000)
 ParOldGen       total 68608K, used 10957K [0x00000000c0000000, 0x00000000c4300000, 0x00000000eab00000)
  object space 68608K, 15% used [0x00000000c0000000,0x00000000c0ab3488,0x00000000c4300000)
 Metaspace       used 21099K, committed 21504K, reserved 1114112K
  class space    used 2109K, committed 2304K, reserved 1048576K
}
Event: 32.337 GC heap after
{Heap after GC invocations=7 (full 1):
 PSYoungGen      total 29696K, used 0K [0x00000000eab00000, 0x00000000ece00000, 0x0000000100000000)
  eden space 25088K, 0% used [0x00000000eab00000,0x00000000eab00000,0x00000000ec380000)
  from space 4608K, 0% used [0x00000000ec980000,0x00000000ec980000,0x00000000ece00000)
  to   space 5120K, 0% used [0x00000000ec400000,0x00000000ec400000,0x00000000ec900000)
 ParOldGen       total 68608K, used 10788K [0x00000000c0000000, 0x00000000c4300000, 0x00000000eab00000)
  object space 68608K, 15% used [0x00000000c0000000,0x00000000c0a89218,0x00000000c4300000)
 Metaspace       used 21099K, committed 21504K, reserved 1114112K
  class space    used 2109K, committed 2304K, reserved 1048576K
}

Dll operation events (11 events):
Event: 0.391 Loaded shared library c:\Users\yoble\.vscode\extensions\redhat.java-1.23.0-win32-x64\jre\17.0.8.1-win32-x86_64\bin\java.dll
Event: 0.920 Loaded shared library c:\Users\yoble\.vscode\extensions\redhat.java-1.23.0-win32-x64\jre\17.0.8.1-win32-x86_64\bin\zip.dll
Event: 0.960 Loaded shared library C:\Users\yoble\.vscode\extensions\redhat.java-1.23.0-win32-x64\jre\17.0.8.1-win32-x86_64\bin\instrument.dll
Event: 1.028 Loaded shared library C:\Users\yoble\.vscode\extensions\redhat.java-1.23.0-win32-x64\jre\17.0.8.1-win32-x86_64\bin\net.dll
Event: 1.083 Loaded shared library C:\Users\yoble\.vscode\extensions\redhat.java-1.23.0-win32-x64\jre\17.0.8.1-win32-x86_64\bin\nio.dll
Event: 1.095 Loaded shared library C:\Users\yoble\.vscode\extensions\redhat.java-1.23.0-win32-x64\jre\17.0.8.1-win32-x86_64\bin\zip.dll
Event: 1.128 Loaded shared library C:\Users\yoble\.vscode\extensions\redhat.java-1.23.0-win32-x64\jre\17.0.8.1-win32-x86_64\bin\jimage.dll
Event: 1.262 Loaded shared library c:\Users\yoble\.vscode\extensions\redhat.java-1.23.0-win32-x64\jre\17.0.8.1-win32-x86_64\bin\verify.dll
Event: 17.049 Loaded shared library C:\Users\yoble\AppData\Roaming\Code\User\globalStorage\redhat.java\1.23.0\config_win\org.eclipse.equinox.launcher\org.eclipse.equinox.launcher.win32.win32.x86_64_1.2.700.v20221108-1024\eclipse_11801.dll
Event: 32.756 Loaded shared library C:\Users\yoble\.vscode\extensions\redhat.java-1.23.0-win32-x64\jre\17.0.8.1-win32-x86_64\bin\management.dll
Event: 32.760 Loaded shared library C:\Users\yoble\.vscode\extensions\redhat.java-1.23.0-win32-x64\jre\17.0.8.1-win32-x86_64\bin\management_ext.dll

Deoptimization events (20 events):
Event: 33.480 Thread 0x000001e94c192e40 DEOPT PACKING pc=0x000001e935914330 sp=0x000000bb2a6fe9f0
Event: 33.480 Thread 0x000001e94c192e40 DEOPT UNPACKING pc=0x000001e93c746e43 sp=0x000000bb2a6fdf38 mode 0
Event: 33.481 Thread 0x000001e94c192e40 DEOPT PACKING pc=0x000001e935914330 sp=0x000000bb2a6fe9f0
Event: 33.481 Thread 0x000001e94c192e40 DEOPT UNPACKING pc=0x000001e93c746e43 sp=0x000000bb2a6fdf38 mode 0
Event: 33.482 Thread 0x000001e94c192e40 Uncommon trap: trap_request=0xffffff45 fr.pc=0x000001e93cd11338 relative=0x0000000000000278
Event: 33.482 Thread 0x000001e94c192e40 Uncommon trap: reason=unstable_if action=reinterpret pc=0x000001e93cd11338 method=java.util.HashMap.getNode(Ljava/lang/Object;)Ljava/util/HashMap$Node; @ 66 c2
Event: 33.482 Thread 0x000001e94c192e40 DEOPT PACKING pc=0x000001e93cd11338 sp=0x000000bb2a6fead0
Event: 33.482 Thread 0x000001e94c192e40 DEOPT UNPACKING pc=0x000001e93c7466a3 sp=0x000000bb2a6fe9e0 mode 2
Event: 33.482 Thread 0x000001e94c192e40 Uncommon trap: trap_request=0xffffff45 fr.pc=0x000001e93ce0e4a0 relative=0x0000000000000a00
Event: 33.482 Thread 0x000001e94c192e40 Uncommon trap: reason=unstable_if action=reinterpret pc=0x000001e93ce0e4a0 method=java.util.HashMap.putVal(ILjava/lang/Object;Ljava/lang/Object;ZZ)Ljava/lang/Object; @ 94 c2
Event: 33.482 Thread 0x000001e94c192e40 DEOPT PACKING pc=0x000001e93ce0e4a0 sp=0x000000bb2a6fea70
Event: 33.482 Thread 0x000001e94c192e40 DEOPT UNPACKING pc=0x000001e93c7466a3 sp=0x000000bb2a6fe9f8 mode 2
Event: 33.499 Thread 0x000001e94c192e40 Uncommon trap: trap_request=0xffffff45 fr.pc=0x000001e93cd10640 relative=0x0000000000000280
Event: 33.499 Thread 0x000001e94c192e40 Uncommon trap: reason=unstable_if action=reinterpret pc=0x000001e93cd10640 method=java.util.HashMap.getNode(Ljava/lang/Object;)Ljava/util/HashMap$Node; @ 66 c2
Event: 33.499 Thread 0x000001e94c192e40 DEOPT PACKING pc=0x000001e93cd10640 sp=0x000000bb2a6fea90
Event: 33.499 Thread 0x000001e94c192e40 DEOPT UNPACKING pc=0x000001e93c7466a3 sp=0x000000bb2a6fea10 mode 2
Event: 34.464 Thread 0x000001e94c0feed0 Uncommon trap: trap_request=0xffffff45 fr.pc=0x000001e93cdf3cc8 relative=0x0000000000000228
Event: 34.464 Thread 0x000001e94c0feed0 Uncommon trap: reason=unstable_if action=reinterpret pc=0x000001e93cdf3cc8 method=java.util.WeakHashMap.expungeStaleEntries()V @ 9 c2
Event: 34.464 Thread 0x000001e94c0feed0 DEOPT PACKING pc=0x000001e93cdf3cc8 sp=0x000000bb2a7f3a60
Event: 34.464 Thread 0x000001e94c0feed0 DEOPT UNPACKING pc=0x000001e93c7466a3 sp=0x000000bb2a7f39f8 mode 2

Classes unloaded (0 events):
No events

Classes redefined (0 events):
No events

Internal exceptions (20 events):
Event: 32.561 Thread 0x000001e94c0feed0 Exception <a 'java/lang/NoSuchMethodError'{0x00000000eaff4c10}: 'void java.lang.invoke.DirectMethodHandle$Holder.invokeStatic(java.lang.Object, java.lang.Object, int, java.lang.Object)'> (0x00000000eaff4c10) 
thrown [s\src\hotspot\share\interpreter\linkResolver.cpp, line 759]
Event: 32.562 Thread 0x000001e94c0feed0 Exception <a 'java/lang/NoSuchMethodError'{0x00000000eaffbee0}: 'void java.lang.invoke.DelegatingMethodHandle$Holder.delegate(java.lang.Object, java.lang.Object, int, java.lang.Object)'> (0x00000000eaffbee0) 
thrown [s\src\hotspot\share\interpreter\linkResolver.cpp, line 759]
Event: 32.564 Thread 0x000001e94c0feed0 Exception <a 'java/lang/NoSuchMethodError'{0x00000000eb00d7e0}: 'int java.lang.invoke.DirectMethodHandle$Holder.invokeStatic(java.lang.Object, java.lang.Object, int)'> (0x00000000eb00d7e0) 
thrown [s\src\hotspot\share\interpreter\linkResolver.cpp, line 759]
Event: 32.564 Thread 0x000001e94c0feed0 Exception <a 'java/lang/NoSuchMethodError'{0x00000000eb011890}: 'int java.lang.invoke.DirectMethodHandle$Holder.invokeSpecial(java.lang.Object, java.lang.Object, java.lang.Object, int)'> (0x00000000eb011890) 
thrown [s\src\hotspot\share\interpreter\linkResolver.cpp, line 759]
Event: 32.566 Thread 0x000001e94c0feed0 Exception <a 'java/lang/NoSuchMethodError'{0x00000000eb02d418}: 'java.lang.Object java.lang.invoke.DirectMethodHandle$Holder.invokeStatic(java.lang.Object, java.lang.Object, java.lang.Object, java.lang.Object, int)'> (0x00000000eb02d418) 
thrown [s\src\hotspot\share\interpreter\linkResolver.cpp, line 759]
Event: 32.568 Thread 0x000001e94c0feed0 Exception <a 'java/lang/NoSuchMethodError'{0x00000000eb039680}: 'java.lang.Object java.lang.invoke.DelegatingMethodHandle$Holder.reinvoke_L(java.lang.Object, java.lang.Object, java.lang.Object, java.lang.Object, int, int)'> (0x00000000eb039680) 
thrown [s\src\hotspot\share\interpreter\linkResolver.cpp, line 759]
Event: 32.574 Thread 0x000001e94c0feed0 Exception <a 'java/lang/NoSuchMethodError'{0x00000000eb04dc50}: 'java.lang.Object java.lang.invoke.Invokers$Holder.invokeExact_MT(java.lang.Object, java.lang.Object, java.lang.Object, java.lang.Object)'> (0x00000000eb04dc50) 
thrown [s\src\hotspot\share\interpreter\linkResolver.cpp, line 759]
Event: 32.748 Thread 0x000001e94c0feed0 Exception <a 'java/io/FileNotFoundException'{0x00000000eb19c308}> (0x00000000eb19c308) 
thrown [s\src\hotspot\share\prims\jni.cpp, line 516]
Event: 32.752 Thread 0x000001e94c0feed0 Exception <a 'java/io/FileNotFoundException'{0x00000000eb1b6c20}> (0x00000000eb1b6c20) 
thrown [s\src\hotspot\share\prims\jni.cpp, line 516]
Event: 32.916 Thread 0x000001e94c0feed0 Exception <a 'java/lang/NoSuchMethodError'{0x00000000eb5b8cd8}: 'java.lang.Object java.lang.invoke.DirectMethodHandle$Holder.newInvokeSpecial(java.lang.Object, java.lang.Object, java.lang.Object, java.lang.Object, java.lang.Object)'> (0x00000000eb5b8cd8) 
thrown [s\src\hotspot\share\interpreter\linkResolver.cpp, line 759]
Event: 32.986 Thread 0x000001e94c0feed0 Exception <a 'java/lang/NoSuchMethodError'{0x00000000eb6a9068}: 'java.lang.Object java.lang.invoke.DirectMethodHandle$Holder.invokeSpecial(java.lang.Object, java.lang.Object, java.lang.Object, long, java.lang.Object)'> (0x00000000eb6a9068) 
thrown [s\src\hotspot\share\interpreter\linkResolver.cpp, line 759]
Event: 32.987 Thread 0x000001e94c0feed0 Exception <a 'java/lang/NoSuchMethodError'{0x00000000eb6b1220}: 'java.lang.Object java.lang.invoke.DirectMethodHandle$Holder.newInvokeSpecial(java.lang.Object, java.lang.Object, java.lang.Object, long)'> (0x00000000eb6b1220) 
thrown [s\src\hotspot\share\interpreter\linkResolver.cpp, line 759]
Event: 32.987 Thread 0x000001e94c0feed0 Exception <a 'java/lang/NoSuchMethodError'{0x00000000eb6b57c0}: 'java.lang.Object java.lang.invoke.DirectMethodHandle$Holder.invokeSpecial(java.lang.Object, java.lang.Object, java.lang.Object, java.lang.Object, long)'> (0x00000000eb6b57c0) 
thrown [s\src\hotspot\share\interpreter\linkResolver.cpp, line 759]
Event: 32.987 Thread 0x000001e94c0feed0 Exception <a 'java/lang/NoSuchMethodError'{0x00000000eb6b9638}: 'java.lang.Object java.lang.invoke.Invokers$Holder.linkToTargetMethod(java.lang.Object, java.lang.Object, long, java.lang.Object)'> (0x00000000eb6b9638) 
thrown [s\src\hotspot\share\interpreter\linkResolver.cpp, line 759]
Event: 33.074 Thread 0x000001e94c0feed0 Exception <a 'java/lang/IncompatibleClassChangeError'{0x00000000eb7d0060}: Found class java.lang.Object, but interface was expected> (0x00000000eb7d0060) 
thrown [s\src\hotspot\share\interpreter\linkResolver.cpp, line 826]
Event: 33.076 Thread 0x000001e94c0feed0 Exception <a 'java/lang/NoSuchMethodError'{0x00000000eb7d3e08}: 'java.lang.Object java.lang.invoke.DirectMethodHandle$Holder.invokeSpecial(java.lang.Object, java.lang.Object, java.lang.Object, int, java.lang.Object, java.lang.Object)'> (0x00000000eb7d3e08) 
thrown [s\src\hotspot\share\interpreter\linkResolver.cpp, line 759]
Event: 33.078 Thread 0x000001e94c0feed0 Exception <a 'java/lang/NoSuchMethodError'{0x00000000eb7dc500}: 'java.lang.Object java.lang.invoke.DirectMethodHandle$Holder.newInvokeSpecial(java.lang.Object, java.lang.Object, java.lang.Object, int, java.lang.Object)'> (0x00000000eb7dc500) 
thrown [s\src\hotspot\share\interpreter\linkResolver.cpp, line 759]
Event: 33.083 Thread 0x000001e94c0feed0 Exception <a 'java/lang/NoSuchMethodError'{0x00000000eb7e0958}: 'java.lang.Object java.lang.invoke.DirectMethodHandle$Holder.invokeSpecial(java.lang.Object, java.lang.Object, java.lang.Object, java.lang.Object, int, java.lang.Object)'> (0x00000000eb7e0958) 
thrown [s\src\hotspot\share\interpreter\linkResolver.cpp, line 759]
Event: 33.086 Thread 0x000001e94c3755c0 Exception <a 'java/lang/NoSuchMethodError'{0x00000000eb748328}: 'java.lang.Object java.lang.invoke.DirectMethodHandle$Holder.invokeSpecial(java.lang.Object, java.lang.Object, int, java.lang.Object, java.lang.Object)'> (0x00000000eb748328) 
thrown [s\src\hotspot\share\interpreter\linkResolver.cpp, line 759]
Event: 33.417 Thread 0x000001e94c192e40 Implicit null exception at 0x000001e93cd416c6 to 0x000001e93cd41bbc

VM Operations (20 events):
Event: 32.306 Executing VM operation: CollectForMetadataAllocation
Event: 32.338 Executing VM operation: CollectForMetadataAllocation done
Event: 32.559 Executing VM operation: HandshakeAllThreads
Event: 32.559 Executing VM operation: HandshakeAllThreads done
Event: 32.879 Executing VM operation: HandshakeAllThreads
Event: 32.879 Executing VM operation: HandshakeAllThreads done
Event: 33.116 Executing VM operation: HandshakeAllThreads
Event: 33.117 Executing VM operation: HandshakeAllThreads done
Event: 33.117 Executing VM operation: HandshakeAllThreads
Event: 33.117 Executing VM operation: HandshakeAllThreads done
Event: 33.205 Executing VM operation: HandshakeAllThreads
Event: 33.205 Executing VM operation: HandshakeAllThreads done
Event: 33.389 Executing VM operation: HandshakeAllThreads
Event: 33.389 Executing VM operation: HandshakeAllThreads done
Event: 33.389 Executing VM operation: Cleanup
Event: 33.393 Executing VM operation: Cleanup done
Event: 33.398 Executing VM operation: HandshakeAllThreads
Event: 33.398 Executing VM operation: HandshakeAllThreads done
Event: 34.399 Executing VM operation: Cleanup
Event: 34.399 Executing VM operation: Cleanup done

Events (20 events):
Event: 33.862 loading class sun/util/locale/provider/BaseLocaleDataMetaInfo
Event: 33.862 loading class sun/util/locale/provider/BaseLocaleDataMetaInfo done
Event: 33.865 loading class sun/util/resources/cldr/TimeZoneNames
Event: 33.865 loading class sun/util/resources/TimeZoneNamesBundle
Event: 33.865 loading class sun/util/resources/OpenListResourceBundle
Event: 33.866 loading class sun/util/resources/OpenListResourceBundle done
Event: 33.866 loading class sun/util/resources/TimeZoneNamesBundle done
Event: 33.866 loading class sun/util/resources/cldr/TimeZoneNames done
Event: 33.866 loading class sun/util/resources/cldr/TimeZoneNames_en
Event: 33.867 loading class sun/util/resources/cldr/TimeZoneNames_en done
Event: 33.867 loading class sun/util/resources/cldr/TimeZoneNames_en_US
Event: 33.867 loading class sun/util/resources/cldr/TimeZoneNames_en_US done
Event: 33.869 loading class sun/util/cldr/CLDRBaseLocaleDataMetaInfo$TZCanonicalIDMapHolder
Event: 33.871 loading class sun/util/cldr/CLDRBaseLocaleDataMetaInfo$TZCanonicalIDMapHolder done
Event: 33.874 loading class sun/util/resources/TimeZoneNames
Event: 33.876 loading class sun/util/resources/TimeZoneNames done
Event: 33.876 loading class sun/util/resources/TimeZoneNames_en
Event: 33.876 loading class sun/util/resources/TimeZoneNames_en done
Event: 34.458 loading class java/security/AccessControlException
Event: 34.459 loading class java/security/AccessControlException done


Dynamic libraries:
0x00007ff665420000 - 0x00007ff66542e000 	c:\Users\yoble\.vscode\extensions\redhat.java-1.23.0-win32-x64\jre\17.0.8.1-win32-x86_64\bin\java.exe
0x00007ffa7f810000 - 0x00007ffa7fa08000 	C:\WINDOWS\SYSTEM32\ntdll.dll
0x00007ffa7e840000 - 0x00007ffa7e8fd000 	C:\WINDOWS\System32\KERNEL32.DLL
0x00007ffa7cfa0000 - 0x00007ffa7d296000 	C:\WINDOWS\System32\KERNELBASE.dll
0x00007ffa7d2a0000 - 0x00007ffa7d3a0000 	C:\WINDOWS\System32\ucrtbase.dll
0x00007ffa78150000 - 0x00007ffa78169000 	c:\Users\yoble\.vscode\extensions\redhat.java-1.23.0-win32-x64\jre\17.0.8.1-win32-x86_64\bin\VCRUNTIME140.dll
0x00007ffa7a1d0000 - 0x00007ffa7a1e7000 	c:\Users\yoble\.vscode\extensions\redhat.java-1.23.0-win32-x64\jre\17.0.8.1-win32-x86_64\bin\jli.dll
0x00007ffa7ef70000 - 0x00007ffa7f10e000 	C:\WINDOWS\System32\USER32.dll
0x00007ffa7cf70000 - 0x00007ffa7cf92000 	C:\WINDOWS\System32\win32u.dll
0x00007ffa7e5e0000 - 0x00007ffa7e60c000 	C:\WINDOWS\System32\GDI32.dll
0x00007ffa662a0000 - 0x00007ffa6653a000 	C:\WINDOWS\WinSxS\amd64_microsoft.windows.common-controls_6595b64144ccf1df_6.0.19041.1110_none_60b5254171f9507e\COMCTL32.dll
0x00007ffa7d500000 - 0x00007ffa7d61a000 	C:\WINDOWS\System32\gdi32full.dll
0x00007ffa7d720000 - 0x00007ffa7d7bd000 	C:\WINDOWS\System32\msvcp_win.dll
0x00007ffa7d870000 - 0x00007ffa7d90e000 	C:\WINDOWS\System32\msvcrt.dll
0x00007ffa7f110000 - 0x00007ffa7f140000 	C:\WINDOWS\System32\IMM32.DLL
0x00007ffa78140000 - 0x00007ffa7814c000 	c:\Users\yoble\.vscode\extensions\redhat.java-1.23.0-win32-x64\jre\17.0.8.1-win32-x86_64\bin\vcruntime140_1.dll
0x00007ffa61f50000 - 0x00007ffa61fe1000 	c:\Users\yoble\.vscode\extensions\redhat.java-1.23.0-win32-x64\jre\17.0.8.1-win32-x86_64\bin\msvcp140.dll
0x00007ffa4c570000 - 0x00007ffa4d1bc000 	c:\Users\yoble\.vscode\extensions\redhat.java-1.23.0-win32-x64\jre\17.0.8.1-win32-x86_64\bin\server\jvm.dll
0x00007ffa7daa0000 - 0x00007ffa7db4e000 	C:\WINDOWS\System32\ADVAPI32.dll
0x00007ffa7eed0000 - 0x00007ffa7ef6c000 	C:\WINDOWS\System32\sechost.dll
0x00007ffa7db50000 - 0x00007ffa7dc76000 	C:\WINDOWS\System32\RPCRT4.dll
0x00007ffa7cd50000 - 0x00007ffa7cd9b000 	C:\WINDOWS\SYSTEM32\POWRPROF.dll
0x00007ffa78130000 - 0x00007ffa78139000 	C:\WINDOWS\SYSTEM32\WSOCK32.dll
0x00007ffa771e0000 - 0x00007ffa77207000 	C:\WINDOWS\SYSTEM32\WINMM.dll
0x00007ffa6fde0000 - 0x00007ffa6fdea000 	C:\WINDOWS\SYSTEM32\VERSION.dll
0x00007ffa7e730000 - 0x00007ffa7e79b000 	C:\WINDOWS\System32\ws2_32.DLL
0x00007ffa7cd30000 - 0x00007ffa7cd42000 	C:\WINDOWS\SYSTEM32\UMPDC.dll
0x00007ffa7b6d0000 - 0x00007ffa7b6e2000 	C:\WINDOWS\SYSTEM32\kernel.appcore.dll
0x00007ffa78120000 - 0x00007ffa7812a000 	c:\Users\yoble\.vscode\extensions\redhat.java-1.23.0-win32-x64\jre\17.0.8.1-win32-x86_64\bin\jimage.dll
0x00007ffa7ac30000 - 0x00007ffa7ae14000 	C:\WINDOWS\SYSTEM32\DBGHELP.DLL
0x00007ffa67dc0000 - 0x00007ffa67df4000 	C:\WINDOWS\SYSTEM32\dbgcore.DLL
0x00007ffa7d620000 - 0x00007ffa7d6a2000 	C:\WINDOWS\System32\bcryptPrimitives.dll
0x00007ffa780f0000 - 0x00007ffa780fe000 	c:\Users\yoble\.vscode\extensions\redhat.java-1.23.0-win32-x64\jre\17.0.8.1-win32-x86_64\bin\instrument.dll
0x00007ffa74910000 - 0x00007ffa74935000 	c:\Users\yoble\.vscode\extensions\redhat.java-1.23.0-win32-x64\jre\17.0.8.1-win32-x86_64\bin\java.dll
0x00007ffa72800000 - 0x00007ffa72818000 	c:\Users\yoble\.vscode\extensions\redhat.java-1.23.0-win32-x64\jre\17.0.8.1-win32-x86_64\bin\zip.dll
0x00007ffa7de90000 - 0x00007ffa7e5d5000 	C:\WINDOWS\System32\SHELL32.dll
0x00007ffa7af20000 - 0x00007ffa7b6bb000 	C:\WINDOWS\SYSTEM32\windows.storage.dll
0x00007ffa7f140000 - 0x00007ffa7f494000 	C:\WINDOWS\System32\combase.dll
0x00007ffa7c780000 - 0x00007ffa7c7ae000 	C:\WINDOWS\SYSTEM32\Wldp.dll
0x00007ffa7f720000 - 0x00007ffa7f7cd000 	C:\WINDOWS\System32\SHCORE.dll
0x00007ffa7ddd0000 - 0x00007ffa7de25000 	C:\WINDOWS\System32\shlwapi.dll
0x00007ffa7ce20000 - 0x00007ffa7ce45000 	C:\WINDOWS\SYSTEM32\profapi.dll
0x00007ffa65cb0000 - 0x00007ffa65cc9000 	C:\Users\yoble\.vscode\extensions\redhat.java-1.23.0-win32-x64\jre\17.0.8.1-win32-x86_64\bin\net.dll
0x00007ffa73700000 - 0x00007ffa7380a000 	C:\WINDOWS\SYSTEM32\WINHTTP.dll
0x00007ffa7c560000 - 0x00007ffa7c5ca000 	C:\WINDOWS\system32\mswsock.dll
0x00007ffa65c90000 - 0x00007ffa65ca5000 	C:\Users\yoble\.vscode\extensions\redhat.java-1.23.0-win32-x64\jre\17.0.8.1-win32-x86_64\bin\nio.dll
0x00007ffa780e0000 - 0x00007ffa780f0000 	c:\Users\yoble\.vscode\extensions\redhat.java-1.23.0-win32-x64\jre\17.0.8.1-win32-x86_64\bin\verify.dll
0x00007ffa693c0000 - 0x00007ffa693fe000 	C:\Users\yoble\AppData\Roaming\Code\User\globalStorage\redhat.java\1.23.0\config_win\org.eclipse.equinox.launcher\org.eclipse.equinox.launcher.win32.win32.x86_64_1.2.700.v20221108-1024\eclipse_11801.dll
0x00007ffa7d970000 - 0x00007ffa7da9a000 	C:\WINDOWS\System32\ole32.dll
0x00007ffa78510000 - 0x00007ffa78519000 	C:\Users\yoble\.vscode\extensions\redhat.java-1.23.0-win32-x64\jre\17.0.8.1-win32-x86_64\bin\management.dll
0x00007ffa74900000 - 0x00007ffa7490b000 	C:\Users\yoble\.vscode\extensions\redhat.java-1.23.0-win32-x64\jre\17.0.8.1-win32-x86_64\bin\management_ext.dll
0x00007ffa7f710000 - 0x00007ffa7f718000 	C:\WINDOWS\System32\PSAPI.DLL

dbghelp: loaded successfully - version: 4.0.5 - missing functions: none
symbol engine: initialized successfully - sym options: 0x614 - pdb path: .;c:\Users\yoble\.vscode\extensions\redhat.java-1.23.0-win32-x64\jre\17.0.8.1-win32-x86_64\bin;C:\WINDOWS\SYSTEM32;C:\WINDOWS\WinSxS\amd64_microsoft.windows.common-controls_6595b64144ccf1df_6.0.19041.1110_none_60b5254171f9507e;c:\Users\yoble\.vscode\extensions\redhat.java-1.23.0-win32-x64\jre\17.0.8.1-win32-x86_64\bin\server;C:\Users\yoble\AppData\Roaming\Code\User\globalStorage\redhat.java\1.23.0\config_win\org.eclipse.equinox.launcher\org.eclipse.equinox.launcher.win32.win32.x86_64_1.2.700.v20221108-1024

VM Arguments:
jvm_args: --add-modules=ALL-SYSTEM --add-opens=java.base/java.util=ALL-UNNAMED --add-opens=java.base/java.lang=ALL-UNNAMED --add-opens=java.base/sun.nio.fs=ALL-UNNAMED -Declipse.application=org.eclipse.jdt.ls.core.id1 -Dosgi.bundles.defaultStartLevel=4 -Declipse.product=org.eclipse.jdt.ls.core.product -Djava.import.generatesMetadataFilesAtProjectRoot=false -DDetectVMInstallationsJob.disabled=true -Dfile.encoding=utf8 -XX:+UseParallelGC -XX:GCTimeRatio=4 -XX:AdaptiveSizePolicyWeight=90 -Dsun.zip.disableMemoryMapping=true -Xmx1G -Xms100m -Xlog:disable -javaagent:c:\Users\yoble\.vscode\extensions\redhat.java-1.23.0-win32-x64\lombok\lombok-1.18.30.jar -XX:+HeapDumpOnOutOfMemoryError -XX:HeapDumpPath=c:\Users\yoble\AppData\Roaming\Code\User\workspaceStorage\6e736f7ebfa7fdd4a19da07a4fc45446\redhat.java -Daether.dependencyCollector.impl=bf 
java_command: c:\Users\yoble\.vscode\extensions\redhat.java-1.23.0-win32-x64\server\plugins\org.eclipse.equinox.launcher_1.6.500.v20230717-2134.jar -configuration c:\Users\yoble\AppData\Roaming\Code\User\globalStorage\redhat.java\1.23.0\config_win -data c:\Users\yoble\AppData\Roaming\Code\User\workspaceStorage\6e736f7ebfa7fdd4a19da07a4fc45446\redhat.java\jdt_ws
java_class_path (initial): c:\Users\yoble\.vscode\extensions\redhat.java-1.23.0-win32-x64\server\plugins\org.eclipse.equinox.launcher_1.6.500.v20230717-2134.jar
Launcher Type: SUN_STANDARD

[Global flags]
    uintx AdaptiveSizePolicyWeight                 = 90                                        {product} {command line}
     intx CICompilerCount                          = 3                                         {product} {ergonomic}
    uintx GCTimeRatio                              = 4                                         {product} {command line}
     bool HeapDumpOnOutOfMemoryError               = true                                   {manageable} {command line}
    ccstr HeapDumpPath                             = c:\Users\yoble\AppData\Roaming\Code\User\workspaceStorage\6e736f7ebfa7fdd4a19da07a4fc45446\redhat.java         {manageable} {command line}
   size_t InitialHeapSize                          = 104857600                                 {product} {command line}
   size_t MaxHeapSize                              = 1073741824                                {product} {command line}
   size_t MaxNewSize                               = 357564416                                 {product} {ergonomic}
   size_t MinHeapDeltaBytes                        = 524288                                    {product} {ergonomic}
   size_t MinHeapSize                              = 104857600                                 {product} {command line}
   size_t NewSize                                  = 34603008                                  {product} {ergonomic}
    uintx NonNMethodCodeHeapSize                   = 5832780                                {pd product} {ergonomic}
    uintx NonProfiledCodeHeapSize                  = 122912730                              {pd product} {ergonomic}
   size_t OldSize                                  = 70254592                                  {product} {ergonomic}
    uintx ProfiledCodeHeapSize                     = 122912730                              {pd product} {ergonomic}
    uintx ReservedCodeCacheSize                    = 251658240                              {pd product} {ergonomic}
     bool SegmentedCodeCache                       = true                                      {product} {ergonomic}
   size_t SoftMaxHeapSize                          = 1073741824                             {manageable} {ergonomic}
     bool UseCompressedClassPointers               = true                           {product lp64_product} {ergonomic}
     bool UseCompressedOops                        = true                           {product lp64_product} {ergonomic}
     bool UseLargePagesIndividualAllocation        = false                                  {pd product} {ergonomic}
     bool UseParallelGC                            = true                                      {product} {command line}

Logging:
Log output configuration:
 #0: stdout all=off uptime,level,tags
 #1: stderr all=off uptime,level,tags

Environment Variables:
JAVA_HOME=C:\Program Files\Java\jdk-20
PATH=C:\Program Files\Python311\Scripts\;C:\Program Files\Python311\;C:\Program Files\Common Files\Oracle\Java\javapath;C:\Program Files (x86)\Common Files\Oracle\Java\javapath;C:\WINDOWS\system32;C:\WINDOWS;C:\WINDOWS\System32\Wbem;C:\WINDOWS\System32\WindowsPowerShell\v1.0\;C:\WINDOWS\System32\OpenSSH\;C:\ProgramData\UNIVALI\Portugol Studio;C:\ProgramData\chocolatey\bin;C:\apache-maven-3.8.4\bin;C:\Program Files\Git\cmd;C:\Program Files\Java\jdk-20\bin;C:\Android\Sdk\emulator;C:\Android\Sdk\tools;C:\Android\Sdk\tools\bin;C:\Android\Sdk\platform-tools;C:\Program Files\PuTTY\;C:\Users\yoble\AppData\Local\Pub\Cache\bin;C:\tools\flutter\.pub-cache\bin;C:\Program Files\dotnet\;;C:\ProgramData\chocolatey\lib\maven\apache-maven-3.9.4\bin;C:\Program Files\nodejs\;C:\Program Files\Docker\Docker\resources\bin;C:\Users\yoble\AppData\Local\pnpm;C:\Users\yoble\AppData\Local\Microsoft\WindowsApps;C:\Users\yoble\AppData\Local\Programs\Microsoft VS Code\bin;C:\tools\flutter\bin;C:\Users\yoble\AppData\Local\Pub\Cache\bin;C:\Users\yoble\.dotnet\tools;C:\Users\yoble\AppData\Roaming\npm
USERNAME=yoble
OS=Windows_NT
PROCESSOR_IDENTIFIER=Intel64 Family 6 Model 142 Stepping 9, GenuineIntel
TMP=C:\Users\yoble\AppData\Local\Temp
TEMP=C:\Users\yoble\AppData\Local\Temp



---------------  S Y S T E M  ---------------

OS:
 Windows 10 , 64 bit Build 19041 (10.0.19041.3393)
OS uptime: 0 days 7:06 hours
Hyper-V role detected

CPU: total 4 (initial active 4) (2 cores per cpu, 2 threads per core) family 6 model 142 stepping 9 microcode 0xb4, cx8, cmov, fxsr, ht, mmx, 3dnowpref, sse, sse2, sse3, ssse3, sse4.1, sse4.2, popcnt, lzcnt, tsc, tscinvbit, avx, avx2, aes, erms, clmul, bmi1, bmi2, adx, fma, vzeroupper, clflush, clflushopt, hv
Processor Information for all 4 processors :
  Max Mhz: 2701, Current Mhz: 1300, Mhz Limit: 2484

Memory: 4k page, system-wide physical 5694M (467M free)
TotalPageFile size 9423M (AvailPageFile size 238M)
current process WorkingSet (physical memory assigned to process): 122M, peak: 131M
current process commit charge ("private bytes"): 213M, peak: 228M

vm_info: OpenJDK 64-Bit Server VM (17.0.8.1+1) for windows-amd64 JRE (17.0.8.1+1), built on Aug 23 2023 15:29:17 by "admin" with MS VC++ 16.7 (VS2019)

END.
